[debug] [2024-01-10T04:08:40.266Z] ----------------------------------------------------------------------
[debug] [2024-01-10T04:08:40.271Z] Command:       /opt/homebrew/Cellar/node/21.3.0/bin/node /opt/homebrew/bin/firebase emulators:start
[debug] [2024-01-10T04:08:40.271Z] CLI Version:   13.0.3
[debug] [2024-01-10T04:08:40.271Z] Platform:      darwin
[debug] [2024-01-10T04:08:40.271Z] Node Version:  v21.3.0
[debug] [2024-01-10T04:08:40.271Z] Time:          Tue Jan 09 2024 22:08:40 GMT-0600 (Central Standard Time)
[debug] [2024-01-10T04:08:40.271Z] ----------------------------------------------------------------------
[debug] 
[debug] [2024-01-10T04:08:40.327Z] > command requires scopes: ["email","openid","https://www.googleapis.com/auth/cloudplatformprojects.readonly","https://www.googleapis.com/auth/firebase","https://www.googleapis.com/auth/cloud-platform"]
[debug] [2024-01-10T04:08:40.328Z] > authorizing via signed-in user (bradenjparrish@gmail.com)
[info] i  emulators: Starting emulators: hosting {"metadata":{"emulator":{"name":"hub"},"message":"Starting emulators: hosting"}}
[debug] [2024-01-10T04:08:40.523Z] [logging] Logging Emulator only supports listening on one address (127.0.0.1). Not listening on ::1
[warn] ⚠  hosting: Hosting Emulator unable to start on port 5000, starting on 5002 instead. {"metadata":{"emulator":{"name":"hosting"},"message":"Hosting Emulator unable to start on port 5000, starting on 5002 instead."}}
[debug] [2024-01-10T04:08:40.524Z] [hosting] Hosting Emulator only supports listening on one address (127.0.0.1). Not listening on ::1
[debug] [2024-01-10T04:08:40.524Z] assigned listening specs for emulators {"user":{"hub":[{"address":"127.0.0.1","family":"IPv4","port":4400},{"address":"::1","family":"IPv6","port":4400}],"logging":[{"address":"127.0.0.1","family":"IPv4","port":4500}],"hosting":[{"address":"127.0.0.1","family":"IPv4","port":5002}]},"metadata":{"message":"assigned listening specs for emulators"}}
[debug] [2024-01-10T04:08:40.528Z] [hub] writing locator at /var/folders/gg/06hdvtrs7vz2ycmfcvmf2vgc0000gn/T/hub-portfoliowebsite-226ba.json
[debug] [2024-01-10T04:08:40.535Z] > refreshing access token with scopes: []
[debug] [2024-01-10T04:08:40.536Z] >>> [apiv2][query] POST https://www.googleapis.com/oauth2/v3/token [none]
[debug] [2024-01-10T04:08:40.536Z] >>> [apiv2][body] POST https://www.googleapis.com/oauth2/v3/token [omitted]
[debug] [2024-01-10T04:08:40.693Z] <<< [apiv2][status] POST https://www.googleapis.com/oauth2/v3/token 200
[debug] [2024-01-10T04:08:40.693Z] <<< [apiv2][body] POST https://www.googleapis.com/oauth2/v3/token [omitted]
[debug] [2024-01-10T04:08:40.703Z] >>> [apiv2][query] GET https://firebase.googleapis.com/v1beta1/projects/portfoliowebsite-226ba [none]
[debug] [2024-01-10T04:08:40.906Z] <<< [apiv2][status] GET https://firebase.googleapis.com/v1beta1/projects/portfoliowebsite-226ba 200
[debug] [2024-01-10T04:08:40.906Z] <<< [apiv2][body] GET https://firebase.googleapis.com/v1beta1/projects/portfoliowebsite-226ba {"projectId":"portfoliowebsite-226ba","projectNumber":"385116605991","displayName":"PortfolioWebsite","name":"projects/portfoliowebsite-226ba","resources":{"hostingSite":"portfoliowebsite-226ba","storageBucket":"portfoliowebsite-226ba.appspot.com","locationId":"us-central"},"state":"ACTIVE","etag":"1_1af68777-0876-4dc7-9c84-f242a30b9474"}
[info] 
   Thank you for trying our experimental support for Vite on Firebase Hosting.
   While this integration is maintained by Googlers it is not a supported Firebase product.
   Issues filed on GitHub will be addressed on a best-effort basis by maintainers and other community members.

   Documentation: https://firebase.google.com/docs/hosting/frameworks/frameworks-overview
   File a bug: https://github.com/firebase/firebase-tools/issues/new?template=bug_report.md
   Submit a feature request: https://github.com/firebase/firebase-tools/issues/new?template=feature_request.md

   We'd love to learn from you. Express your interest in helping us shape the future of Firebase Hosting: https://goo.gle/41enW5X

[debug] [2024-01-10T04:08:44.152Z] [web frameworks] effective firebase.json:  {
  "hosting": [
    {
      "source": "hosting",
      "ignore": [
        "firebase.json",
        "**/.*",
        "**/node_modules/**"
      ],
      "frameworksBackend": {
        "region": "us-central1"
      },
      "site": "portfoliowebsite-226ba",
      "rewrites": [],
      "redirects": [],
      "headers": [],
      "cleanUrls": true,
      "public": "hosting/public",
      "webFramework": "vite"
    }
  ]
}
[debug] [2024-01-10T04:08:44.153Z] >>> [apiv2][query] GET https://firebasehosting.googleapis.com/v1beta1/projects/portfoliowebsite-226ba/sites 
[debug] [2024-01-10T04:08:44.453Z] <<< [apiv2][status] GET https://firebasehosting.googleapis.com/v1beta1/projects/portfoliowebsite-226ba/sites 200
[debug] [2024-01-10T04:08:44.453Z] <<< [apiv2][body] GET https://firebasehosting.googleapis.com/v1beta1/projects/portfoliowebsite-226ba/sites {"sites":[{"name":"projects/portfoliowebsite-226ba/sites/portfoliowebsite-226ba","defaultUrl":"https://portfoliowebsite-226ba.web.app","appId":"1:385116605991:web:3552d3f25ad90b7b534802","type":"DEFAULT_SITE"}]}
[debug] [2024-01-10T04:08:44.453Z] >>> [apiv2][query] GET https://firebase.googleapis.com/v1beta1/projects/portfoliowebsite-226ba/webApps/1:385116605991:web:3552d3f25ad90b7b534802/config [none]
[debug] [2024-01-10T04:08:44.659Z] <<< [apiv2][status] GET https://firebase.googleapis.com/v1beta1/projects/portfoliowebsite-226ba/webApps/1:385116605991:web:3552d3f25ad90b7b534802/config 200
[debug] [2024-01-10T04:08:44.659Z] <<< [apiv2][body] GET https://firebase.googleapis.com/v1beta1/projects/portfoliowebsite-226ba/webApps/1:385116605991:web:3552d3f25ad90b7b534802/config {"projectId":"portfoliowebsite-226ba","appId":"1:385116605991:web:3552d3f25ad90b7b534802","storageBucket":"portfoliowebsite-226ba.appspot.com","locationId":"us-central","apiKey":"AIzaSyBdkaYZqwBFlKteMKX4T_Xr9ZvT-58ZB3U","authDomain":"portfoliowebsite-226ba.firebaseapp.com","messagingSenderId":"385116605991","measurementId":"G-8K0EKL5X0W"}
[info] i  hosting[portfoliowebsite-226ba]: Serving hosting files from: hosting/public {"metadata":{"emulator":{"name":"hosting"},"message":"Serving hosting files from: \u001b[1mhosting/public\u001b[22m"}}
[info] ✔  hosting[portfoliowebsite-226ba]: Local server: http://127.0.0.1:5002 {"metadata":{"emulator":{"name":"hosting"},"message":"Local server: \u001b[4m\u001b[1mhttp://127.0.0.1:5002\u001b[22m\u001b[24m"}}
[warn] ⚠  emulators: The Emulator UI is not starting, either because none of the running emulators have a UI component or the Emulator UI cannot determine the Project ID. Pass the --project flag to specify a project. {"metadata":{"emulator":{"name":"hub"},"message":"The Emulator UI is not starting, either because none of the running emulators have a UI component or the Emulator UI cannot determine the Project ID. Pass the --project flag to specify a project."}}
[info] 
┌─────────────────────────────────────────────────────────────┐
│ ✔  All emulators ready! It is now safe to connect your app. │
└─────────────────────────────────────────────────────────────┘

┌──────────┬────────────────┐
│ Emulator │ Host:Port      │
├──────────┼────────────────┤
│ Hosting  │ 127.0.0.1:5002 │
└──────────┴────────────────┘
  Emulator Hub running at 127.0.0.1:4400
  Other reserved ports: 4500

Issues? Report them at https://github.com/firebase/firebase-tools/issues and attach the *-debug.log files.
 
